c:\pexplorer\arm\release\winxshell.pch
c:\pexplorer\arm\release\precomp.obj
c:\pexplorer\arm\release\json.obj
c:\pexplorer\arm\release\jcfg.obj
c:\pexplorer\arm\release\shellservices.obj
c:\pexplorer\arm\release\explorer.obj
c:\pexplorer\arm\release\settings.obj
c:\pexplorer\arm\release\winfs.obj
c:\pexplorer\arm\release\shellfs.obj
c:\pexplorer\arm\release\entries.obj
c:\pexplorer\arm\release\desktop.obj
c:\pexplorer\arm\release\traynotify.obj
c:\pexplorer\arm\release\taskbar.obj
c:\pexplorer\arm\release\startmenu.obj
c:\pexplorer\arm\release\quicklaunch.obj
c:\pexplorer\arm\release\desktopbar.obj
c:\pexplorer\arm\release\window.obj
c:\pexplorer\arm\release\utility.obj
c:\pexplorer\arm\release\shellclasses.obj
c:\pexplorer\arm\release\shellbrowserimpl.obj
c:\pexplorer\arm\release\fileexplorer.obj
c:\pexplorer\arm\release\startup.obj
c:\pexplorer\arm\release\explorer-en.res
c:\pexplorer\arm\release\explorer-zh.res
c:\pexplorer\arm\release\explorer_intres.res
c:\pexplorer\arm\release\winxshell.tlog\cl.command.1.tlog
c:\pexplorer\arm\release\winxshell.tlog\cl.read.1.tlog
c:\pexplorer\arm\release\winxshell.tlog\cl.write.1.tlog
c:\pexplorer\arm\release\winxshell.tlog\link-cvtres.read.1.tlog
c:\pexplorer\arm\release\winxshell.tlog\link-cvtres.write.1.tlog
c:\pexplorer\arm\release\winxshell.tlog\link-mt.read.1.tlog
c:\pexplorer\arm\release\winxshell.tlog\link-mt.write.1.tlog
c:\pexplorer\arm\release\winxshell.tlog\link-rc.read.1.tlog
c:\pexplorer\arm\release\winxshell.tlog\link-rc.write.1.tlog
c:\pexplorer\arm\release\winxshell.tlog\link.command.1.tlog
c:\pexplorer\arm\release\winxshell.tlog\link.read.1.tlog
c:\pexplorer\arm\release\winxshell.tlog\link.write.1.tlog
c:\pexplorer\arm\release\winxshell.tlog\rc.command.1.tlog
c:\pexplorer\arm\release\winxshell.tlog\rc.read.1.tlog
c:\pexplorer\arm\release\winxshell.tlog\rc.write.1.tlog
