c:\pexplorer\arm\debug\winxshell.bsc
c:\pexplorer\arm\debug\winxshell.pch
c:\pexplorer\arm\debug\precomp.sbr
c:\pexplorer\arm\debug\precomp.obj
c:\pexplorer\arm\debug\vc141.pdb
c:\pexplorer\arm\debug\jcfg.sbr
c:\pexplorer\arm\debug\json.sbr
c:\pexplorer\arm\debug\json.obj
c:\pexplorer\arm\debug\jcfg.obj
c:\pexplorer\arm\debug\fileexplorer.sbr
c:\pexplorer\arm\debug\shellbrowserimpl.sbr
c:\pexplorer\arm\debug\shellclasses.sbr
c:\pexplorer\arm\debug\utility.sbr
c:\pexplorer\arm\debug\window.sbr
c:\pexplorer\arm\debug\desktopbar.sbr
c:\pexplorer\arm\debug\quicklaunch.sbr
c:\pexplorer\arm\debug\startmenu.sbr
c:\pexplorer\arm\debug\taskbar.sbr
c:\pexplorer\arm\debug\traynotify.sbr
c:\pexplorer\arm\debug\desktop.sbr
c:\pexplorer\arm\debug\entries.sbr
c:\pexplorer\arm\debug\shellfs.sbr
c:\pexplorer\arm\debug\winfs.sbr
c:\pexplorer\arm\debug\settings.sbr
c:\pexplorer\arm\debug\explorer.sbr
c:\pexplorer\arm\debug\shellservices.sbr
c:\pexplorer\arm\debug\shellservices.obj
c:\pexplorer\arm\debug\explorer.obj
c:\pexplorer\arm\debug\settings.obj
c:\pexplorer\arm\debug\winfs.obj
c:\pexplorer\arm\debug\shellfs.obj
c:\pexplorer\arm\debug\entries.obj
c:\pexplorer\arm\debug\desktop.obj
c:\pexplorer\arm\debug\traynotify.obj
c:\pexplorer\arm\debug\taskbar.obj
c:\pexplorer\arm\debug\startmenu.obj
c:\pexplorer\arm\debug\quicklaunch.obj
c:\pexplorer\arm\debug\desktopbar.obj
c:\pexplorer\arm\debug\window.obj
c:\pexplorer\arm\debug\utility.obj
c:\pexplorer\arm\debug\shellclasses.obj
c:\pexplorer\arm\debug\shellbrowserimpl.obj
c:\pexplorer\arm\debug\fileexplorer.obj
c:\pexplorer\arm\debug\startup.sbr
c:\pexplorer\arm\debug\startup.obj
c:\pexplorer\arm\debug\winxshell.ilk
c:\pexplorer\arm\debug\winxshell.exe
c:\pexplorer\arm\debug\winxshell.pdb
c:\pexplorer\arm\debug\explorer-en.res
c:\pexplorer\arm\debug\explorer-zh.res
c:\pexplorer\arm\debug\explorer_intres.res
c:\pexplorer\arm\debug\winxshell.exe.embed.manifest.res
c:\pexplorer\arm\debug\winxshell.exe.embed.manifest
c:\pexplorer\arm\debug\winxshell_manifest.rc
c:\pexplorer\arm\debug\winxshell.tlog\bscmake.command.1.tlog
c:\pexplorer\arm\debug\winxshell.tlog\bscmake.read.1.tlog
c:\pexplorer\arm\debug\winxshell.tlog\bscmake.write.1.tlog
c:\pexplorer\arm\debug\winxshell.tlog\cl.command.1.tlog
c:\pexplorer\arm\debug\winxshell.tlog\cl.read.1.tlog
c:\pexplorer\arm\debug\winxshell.tlog\cl.write.1.tlog
c:\pexplorer\arm\debug\winxshell.tlog\link.command.1.tlog
c:\pexplorer\arm\debug\winxshell.tlog\link.read.1.tlog
c:\pexplorer\arm\debug\winxshell.tlog\link.write.1.tlog
c:\pexplorer\arm\debug\winxshell.tlog\rc.command.1.tlog
c:\pexplorer\arm\debug\winxshell.tlog\rc.read.1.tlog
c:\pexplorer\arm\debug\winxshell.tlog\rc.write.1.tlog
